<?xml version="1.0" encoding="UTF-8"?>
<testsuite xmlns:xsi="http://www.w3.org/2001/XMLSchema-instance" xsi:noNamespaceSchemaLocation="https://maven.apache.org/surefire/maven-surefire-plugin/xsd/surefire-test-report.xsd" name="at.htl.beeyond.integration.namespace.NamespaceTest" time="1.457" tests="16" errors="0" skipped="0" failures="0">
  <properties>
[...]
</properties>
  <testcase name="testAssign[1][1]" classname="at.htl.beeyond.integration.namespace.NamespaceTest" time="0.064"/>
  <testcase name="testAssign[1][2]" classname="at.htl.beeyond.integration.namespace.NamespaceTest" time="0.083"/>
  <testcase name="testAssign[1][3]" classname="at.htl.beeyond.integration.namespace.NamespaceTest" time="0.083"/>
  <testcase name="testAssign[1][4]" classname="at.htl.beeyond.integration.namespace.NamespaceTest" time="0.076"/>
  <testcase name="testAssign[1][5]" classname="at.htl.beeyond.integration.namespace.NamespaceTest" time="0.054"/>
  <testcase name="testAssign[1][6]" classname="at.htl.beeyond.integration.namespace.NamespaceTest" time="0.103"/>
  <testcase name="testAssign[1][7]" classname="at.htl.beeyond.integration.namespace.NamespaceTest" time="0.057"/>
  <testcase name="testAssign[1][8]" classname="at.htl.beeyond.integration.namespace.NamespaceTest" time="0.089"/>
  <testcase name="testAssign[1][9]" classname="at.htl.beeyond.integration.namespace.NamespaceTest" time="0.09"/>
  <testcase name="testAssign[1][10]" classname="at.htl.beeyond.integration.namespace.NamespaceTest" time="0.063"/>
  <testcase name="testAssign[1][11]" classname="at.htl.beeyond.integration.namespace.NamespaceTest" time="0.051"/>
  <testcase name="testAssign[1][12]" classname="at.htl.beeyond.integration.namespace.NamespaceTest" time="0.085"/>
  <testcase name="testAssign[1][13]" classname="at.htl.beeyond.integration.namespace.NamespaceTest" time="0.076"/>
  <testcase name="testAssign[1][14]" classname="at.htl.beeyond.integration.namespace.NamespaceTest" time="0.079"/>
  <testcase name="testAssign[1][15]" classname="at.htl.beeyond.integration.namespace.NamespaceTest" time="0.093"/>
  <testcase name="testAssign[1][16]" classname="at.htl.beeyond.integration.namespace.NamespaceTest" time="0.3"/>
</testsuite>