<?xml version="1.0" encoding="UTF-8"?>
<testsuite xmlns:xsi="http://www.w3.org/2001/XMLSchema-instance" xsi:noNamespaceSchemaLocation="https://maven.apache.org/surefire/maven-surefire-plugin/xsd/surefire-test-report.xsd" name="at.htl.beeyond.integration.application.custom.CustomApplicationTest" time="0.526" tests="10" errors="0" skipped="0" failures="6">
  <properties>
[...]
</properties>
  <testcase name="testCreateCustomApplication[1][1]" classname="at.htl.beeyond.integration.application.custom.CustomApplicationTest" time="0.031">
    <failure message="status code was: 500, expected: 204, response time in milliseconds: 18, url: http://localhost:8081/application/custom, response: &#10;javax.validation.ValidationException: HV000028: Unexpected exception during isValid call.[javax.ws.rs.ProcessingException: RESTEASY003145: Unable to find a MessageBodyReader of content-type application/octet-stream and type interface java.util.Set]&#10;classpath:at/htl/beeyond/integration/application/custom/custom-application-creation.feature:19" type="org.opentest4j.AssertionFailedError">org.opentest4j.AssertionFailedError: 
status code was: 500, expected: 204, response time in milliseconds: 18, url: http://localhost:8081/application/custom, response: 
javax.validation.ValidationException: HV000028: Unexpected exception during isValid call.[javax.ws.rs.ProcessingException: RESTEASY003145: Unable to find a MessageBodyReader of content-type application/octet-stream and type interface java.util.Set]
classpath:at/htl/beeyond/integration/application/custom/custom-application-creation.feature:19
</failure>
    <system-out><![CDATA[2021-06-11 20:07:51,841 ERROR [com.int.karate] (main) classpath:at/htl/beeyond/integration/application/custom/custom-application-creation.feature:19
Then status 204
status code was: 500, expected: 204, response time in milliseconds: 18, url: http://localhost:8081/application/custom, response: 
javax.validation.ValidationException: HV000028: Unexpected exception during isValid call.[javax.ws.rs.ProcessingException: RESTEASY003145: Unable to find a MessageBodyReader of content-type application/octet-stream and type interface java.util.Set]
classpath:at/htl/beeyond/integration/application/custom/custom-application-creation.feature:19
]]></system-out>
  </testcase>
  <testcase name="testCreateCustomApplication[1][2]" classname="at.htl.beeyond.integration.application.custom.CustomApplicationTest" time="0.056">
    <failure message="status code was: 500, expected: 204, response time in milliseconds: 15, url: http://localhost:8081/application/custom, response: &#10;javax.validation.ValidationException: HV000028: Unexpected exception during isValid call.[javax.ws.rs.ProcessingException: RESTEASY003145: Unable to find a MessageBodyReader of content-type application/octet-stream and type interface java.util.Set]&#10;classpath:at/htl/beeyond/integration/application/custom/custom-application-creation.feature:30" type="org.opentest4j.AssertionFailedError">org.opentest4j.AssertionFailedError: 
status code was: 500, expected: 204, response time in milliseconds: 15, url: http://localhost:8081/application/custom, response: 
javax.validation.ValidationException: HV000028: Unexpected exception during isValid call.[javax.ws.rs.ProcessingException: RESTEASY003145: Unable to find a MessageBodyReader of content-type application/octet-stream and type interface java.util.Set]
classpath:at/htl/beeyond/integration/application/custom/custom-application-creation.feature:30
</failure>
    <system-out><![CDATA[2021-06-11 20:07:51,898 ERROR [com.int.karate] (main) classpath:at/htl/beeyond/integration/application/custom/custom-application-creation.feature:30
Then status 204
status code was: 500, expected: 204, response time in milliseconds: 15, url: http://localhost:8081/application/custom, response: 
javax.validation.ValidationException: HV000028: Unexpected exception during isValid call.[javax.ws.rs.ProcessingException: RESTEASY003145: Unable to find a MessageBodyReader of content-type application/octet-stream and type interface java.util.Set]
classpath:at/htl/beeyond/integration/application/custom/custom-application-creation.feature:30
]]></system-out>
  </testcase>
  <testcase name="testCreateCustomApplication[1][3]" classname="at.htl.beeyond.integration.application.custom.CustomApplicationTest" time="0.053"/>
  <testcase name="testCreateCustomApplication[1][4]" classname="at.htl.beeyond.integration.application.custom.CustomApplicationTest" time="0.039"/>
  <testcase name="testCreateCustomApplication[1][5]" classname="at.htl.beeyond.integration.application.custom.CustomApplicationTest" time="0.027"/>
  <testcase name="testCreateCustomApplication[1][6]" classname="at.htl.beeyond.integration.application.custom.CustomApplicationTest" time="0.037"/>
  <testcase name="testCreateCustomApplication[1][7]" classname="at.htl.beeyond.integration.application.custom.CustomApplicationTest" time="0.043">
    <failure message="status code was: 500, expected: 204, response time in milliseconds: 11, url: http://localhost:8081/application/custom, response: &#10;javax.validation.ValidationException: HV000028: Unexpected exception during isValid call.[javax.ws.rs.ProcessingException: RESTEASY003145: Unable to find a MessageBodyReader of content-type application/octet-stream and type interface java.util.Set]&#10;classpath:at/htl/beeyond/integration/application/custom/custom-application-creation.feature:78" type="org.opentest4j.AssertionFailedError">org.opentest4j.AssertionFailedError: 
status code was: 500, expected: 204, response time in milliseconds: 11, url: http://localhost:8081/application/custom, response: 
javax.validation.ValidationException: HV000028: Unexpected exception during isValid call.[javax.ws.rs.ProcessingException: RESTEASY003145: Unable to find a MessageBodyReader of content-type application/octet-stream and type interface java.util.Set]
classpath:at/htl/beeyond/integration/application/custom/custom-application-creation.feature:78
</failure>
    <system-out><![CDATA[2021-06-11 20:07:52,098 ERROR [com.int.karate] (main) classpath:at/htl/beeyond/integration/application/custom/custom-application-creation.feature:78
Then status 204
status code was: 500, expected: 204, response time in milliseconds: 11, url: http://localhost:8081/application/custom, response: 
javax.validation.ValidationException: HV000028: Unexpected exception during isValid call.[javax.ws.rs.ProcessingException: RESTEASY003145: Unable to find a MessageBodyReader of content-type application/octet-stream and type interface java.util.Set]
classpath:at/htl/beeyond/integration/application/custom/custom-application-creation.feature:78
]]></system-out>
  </testcase>
  <testcase name="testCreateCustomApplication[1][8]" classname="at.htl.beeyond.integration.application.custom.CustomApplicationTest" time="0.044">
    <failure message="status code was: 500, expected: 204, response time in milliseconds: 10, url: http://localhost:8081/application/custom, response: &#10;javax.validation.ValidationException: HV000028: Unexpected exception during isValid call.[javax.ws.rs.ProcessingException: RESTEASY003145: Unable to find a MessageBodyReader of content-type application/octet-stream and type interface java.util.Set]&#10;classpath:at/htl/beeyond/integration/application/custom/custom-application-creation.feature:91" type="org.opentest4j.AssertionFailedError">org.opentest4j.AssertionFailedError: 
status code was: 500, expected: 204, response time in milliseconds: 10, url: http://localhost:8081/application/custom, response: 
javax.validation.ValidationException: HV000028: Unexpected exception during isValid call.[javax.ws.rs.ProcessingException: RESTEASY003145: Unable to find a MessageBodyReader of content-type application/octet-stream and type interface java.util.Set]
classpath:at/htl/beeyond/integration/application/custom/custom-application-creation.feature:91
</failure>
    <system-out><![CDATA[2021-06-11 20:07:52,139 ERROR [com.int.karate] (main) classpath:at/htl/beeyond/integration/application/custom/custom-application-creation.feature:91
Then status 204
status code was: 500, expected: 204, response time in milliseconds: 10, url: http://localhost:8081/application/custom, response: 
javax.validation.ValidationException: HV000028: Unexpected exception during isValid call.[javax.ws.rs.ProcessingException: RESTEASY003145: Unable to find a MessageBodyReader of content-type application/octet-stream and type interface java.util.Set]
classpath:at/htl/beeyond/integration/application/custom/custom-application-creation.feature:91
]]></system-out>
  </testcase>
  <testcase name="testCreateCustomApplication[1][9]" classname="at.htl.beeyond.integration.application.custom.CustomApplicationTest" time="0.044">
    <failure message="status code was: 500, expected: 204, response time in milliseconds: 10, url: http://localhost:8081/application/custom, response: &#10;javax.validation.ValidationException: HV000028: Unexpected exception during isValid call.[javax.ws.rs.ProcessingException: RESTEASY003145: Unable to find a MessageBodyReader of content-type application/octet-stream and type interface java.util.Set]&#10;classpath:at/htl/beeyond/integration/application/custom/custom-application-creation.feature:107" type="org.opentest4j.AssertionFailedError">org.opentest4j.AssertionFailedError: 
status code was: 500, expected: 204, response time in milliseconds: 10, url: http://localhost:8081/application/custom, response: 
javax.validation.ValidationException: HV000028: Unexpected exception during isValid call.[javax.ws.rs.ProcessingException: RESTEASY003145: Unable to find a MessageBodyReader of content-type application/octet-stream and type interface java.util.Set]
classpath:at/htl/beeyond/integration/application/custom/custom-application-creation.feature:107
</failure>
    <system-out><![CDATA[2021-06-11 20:07:52,187 ERROR [com.int.karate] (main) classpath:at/htl/beeyond/integration/application/custom/custom-application-creation.feature:107
Then status 204
status code was: 500, expected: 204, response time in milliseconds: 10, url: http://localhost:8081/application/custom, response: 
javax.validation.ValidationException: HV000028: Unexpected exception during isValid call.[javax.ws.rs.ProcessingException: RESTEASY003145: Unable to find a MessageBodyReader of content-type application/octet-stream and type interface java.util.Set]
classpath:at/htl/beeyond/integration/application/custom/custom-application-creation.feature:107
]]></system-out>
  </testcase>
  <testcase name="testCreateCustomApplication[1][10]" classname="at.htl.beeyond.integration.application.custom.CustomApplicationTest" time="0.141">
    <failure message="status code was: 500, expected: 204, response time in milliseconds: 9, url: http://localhost:8081/application/custom, response: &#10;javax.validation.ValidationException: HV000028: Unexpected exception during isValid call.[javax.ws.rs.ProcessingException: RESTEASY003145: Unable to find a MessageBodyReader of content-type application/octet-stream and type interface java.util.Set]&#10;classpath:at/htl/beeyond/integration/application/custom/custom-application-creation.feature:120" type="org.opentest4j.AssertionFailedError">org.opentest4j.AssertionFailedError: 
status code was: 500, expected: 204, response time in milliseconds: 9, url: http://localhost:8081/application/custom, response: 
javax.validation.ValidationException: HV000028: Unexpected exception during isValid call.[javax.ws.rs.ProcessingException: RESTEASY003145: Unable to find a MessageBodyReader of content-type application/octet-stream and type interface java.util.Set]
classpath:at/htl/beeyond/integration/application/custom/custom-application-creation.feature:120
</failure>
    <system-out><![CDATA[2021-06-11 20:07:52,235 ERROR [com.int.karate] (main) classpath:at/htl/beeyond/integration/application/custom/custom-application-creation.feature:120
Then status 204
status code was: 500, expected: 204, response time in milliseconds: 9, url: http://localhost:8081/application/custom, response: 
javax.validation.ValidationException: HV000028: Unexpected exception during isValid call.[javax.ws.rs.ProcessingException: RESTEASY003145: Unable to find a MessageBodyReader of content-type application/octet-stream and type interface java.util.Set]
classpath:at/htl/beeyond/integration/application/custom/custom-application-creation.feature:120
2021-06-11 20:07:52,241 WARN  [kar.org.thy.sta.ser.StandardJavaScriptSerializer] (main) [THYMELEAF] Could not initialize Jackson-based serializer even if the Jackson library was detected to be present at the classpath. Please make sure you are adding the jackson-databind module to your classpath, and that version is >= 2.5.0. THYMELEAF INITIALIZATION WILL CONTINUE, but Jackson will not be used for JavaScript serialization. Set the log to DEBUG to see a complete exception trace. Exception message is: class com.fasterxml.jackson.datatype.jsr310.JavaTimeModule cannot be cast to class com.fasterxml.jackson.databind.Module (com.fasterxml.jackson.datatype.jsr310.JavaTimeModule is in unnamed module of loader 'app'; com.fasterxml.jackson.databind.Module is in unnamed module of loader io.quarkus.bootstrap.classloading.QuarkusClassLoader @3727a266)
---------------------------------------------------------
feature: classpath:at/htl/beeyond/integration/application/custom/custom-application-creation.feature
scenarios: 10 | passed:  4 | failed:  6 | time: 0.1232
---------------------------------------------------------

Karate version: 1.0.1
======================================================
elapsed:   0.51 | threads:    1 | thread time: 0.12 
features:     1 | skipped:    0 | efficiency: 0.24
scenarios:   10 | passed:     4 | failed: 6
======================================================
>>> failed features:
status code was: 500, expected: 204, response time in milliseconds: 18, url: http://localhost:8081/application/custom, response: 
javax.validation.ValidationException: HV000028: Unexpected exception during isValid call.[javax.ws.rs.ProcessingException: RESTEASY003145: Unable to find a MessageBodyReader of content-type application/octet-stream and type interface java.util.Set]
classpath:at/htl/beeyond/integration/application/custom/custom-application-creation.feature:19
status code was: 500, expected: 204, response time in milliseconds: 15, url: http://localhost:8081/application/custom, response: 
javax.validation.ValidationException: HV000028: Unexpected exception during isValid call.[javax.ws.rs.ProcessingException: RESTEASY003145: Unable to find a MessageBodyReader of content-type application/octet-stream and type interface java.util.Set]
classpath:at/htl/beeyond/integration/application/custom/custom-application-creation.feature:30
status code was: 500, expected: 204, response time in milliseconds: 11, url: http://localhost:8081/application/custom, response: 
javax.validation.ValidationException: HV000028: Unexpected exception during isValid call.[javax.ws.rs.ProcessingException: RESTEASY003145: Unable to find a MessageBodyReader of content-type application/octet-stream and type interface java.util.Set]
classpath:at/htl/beeyond/integration/application/custom/custom-application-creation.feature:78
status code was: 500, expected: 204, response time in milliseconds: 10, url: http://localhost:8081/application/custom, response: 
javax.validation.ValidationException: HV000028: Unexpected exception during isValid call.[javax.ws.rs.ProcessingException: RESTEASY003145: Unable to find a MessageBodyReader of content-type application/octet-stream and type interface java.util.Set]
classpath:at/htl/beeyond/integration/application/custom/custom-application-creation.feature:91
status code was: 500, expected: 204, response time in milliseconds: 10, url: http://localhost:8081/application/custom, response: 
javax.validation.ValidationException: HV000028: Unexpected exception during isValid call.[javax.ws.rs.ProcessingException: RESTEASY003145: Unable to find a MessageBodyReader of content-type application/octet-stream and type interface java.util.Set]
classpath:at/htl/beeyond/integration/application/custom/custom-application-creation.feature:107
status code was: 500, expected: 204, response time in milliseconds: 9, url: http://localhost:8081/application/custom, response: 
javax.validation.ValidationException: HV000028: Unexpected exception during isValid call.[javax.ws.rs.ProcessingException: RESTEASY003145: Unable to find a MessageBodyReader of content-type application/octet-stream and type interface java.util.Set]
classpath:at/htl/beeyond/integration/application/custom/custom-application-creation.feature:120
<<<
2021-06-11 20:07:52,304 WARN  [kar.org.thy.sta.ser.StandardJavaScriptSerializer] (main) [THYMELEAF] Could not initialize Jackson-based serializer even if the Jackson library was detected to be present at the classpath. Please make sure you are adding the jackson-databind module to your classpath, and that version is >= 2.5.0. THYMELEAF INITIALIZATION WILL CONTINUE, but Jackson will not be used for JavaScript serialization. Set the log to DEBUG to see a complete exception trace. Exception message is: class com.fasterxml.jackson.datatype.jsr310.JavaTimeModule cannot be cast to class com.fasterxml.jackson.databind.Module (com.fasterxml.jackson.datatype.jsr310.JavaTimeModule is in unnamed module of loader 'app'; com.fasterxml.jackson.databind.Module is in unnamed module of loader io.quarkus.bootstrap.classloading.QuarkusClassLoader @3727a266)
2021-06-11 20:07:52,312 WARN  [kar.org.thy.sta.ser.StandardJavaScriptSerializer] (main) [THYMELEAF] Could not initialize Jackson-based serializer even if the Jackson library was detected to be present at the classpath. Please make sure you are adding the jackson-databind module to your classpath, and that version is >= 2.5.0. THYMELEAF INITIALIZATION WILL CONTINUE, but Jackson will not be used for JavaScript serialization. Set the log to DEBUG to see a complete exception trace. Exception message is: class com.fasterxml.jackson.datatype.jsr310.JavaTimeModule cannot be cast to class com.fasterxml.jackson.databind.Module (com.fasterxml.jackson.datatype.jsr310.JavaTimeModule is in unnamed module of loader 'app'; com.fasterxml.jackson.databind.Module is in unnamed module of loader io.quarkus.bootstrap.classloading.QuarkusClassLoader @3727a266)
2021-06-11 20:07:52,323 WARN  [kar.org.thy.sta.ser.StandardJavaScriptSerializer] (main) [THYMELEAF] Could not initialize Jackson-based serializer even if the Jackson library was detected to be present at the classpath. Please make sure you are adding the jackson-databind module to your classpath, and that version is >= 2.5.0. THYMELEAF INITIALIZATION WILL CONTINUE, but Jackson will not be used for JavaScript serialization. Set the log to DEBUG to see a complete exception trace. Exception message is: class com.fasterxml.jackson.datatype.jsr310.JavaTimeModule cannot be cast to class com.fasterxml.jackson.databind.Module (com.fasterxml.jackson.datatype.jsr310.JavaTimeModule is in unnamed module of loader 'app'; com.fasterxml.jackson.databind.Module is in unnamed module of loader io.quarkus.bootstrap.classloading.QuarkusClassLoader @3727a266)

HTML report: (paste into browser to view) | Karate version: 1.0.1
file:///home/runner/work/beeyond/beeyond/backend-beeyond/target/karate-reports/karate-summary.html
===================================================================

]]></system-out>
  </testcase>
</testsuite>