<?xml version="1.0" encoding="UTF-8"?>
<testsuite xmlns:xsi="http://www.w3.org/2001/XMLSchema-instance" xsi:noNamespaceSchemaLocation="https://maven.apache.org/surefire/maven-surefire-plugin/xsd/surefire-test-report.xsd" name="at.htl.beeyond.integration.application.template.TemplateApplicationTest" time="1.127" tests="12" errors="0" skipped="0" failures="0">
  <properties>
[...]
</properties>
  <testcase name="testCreateTemplateApplicationAsStudent[1][1]" classname="at.htl.beeyond.integration.application.template.TemplateApplicationTest" time="0.176"/>
  <testcase name="testCreateTemplateApplicationAsStudent[1][2]" classname="at.htl.beeyond.integration.application.template.TemplateApplicationTest" time="0.091"/>
  <testcase name="testCreateTemplateApplicationAsStudent[1][3]" classname="at.htl.beeyond.integration.application.template.TemplateApplicationTest" time="0.096"/>
  <testcase name="testCreateTemplateApplicationAsStudent[1][4]" classname="at.htl.beeyond.integration.application.template.TemplateApplicationTest" time="0.073"/>
  <testcase name="testCreateTemplateApplicationAsStudent[1][5]" classname="at.htl.beeyond.integration.application.template.TemplateApplicationTest" time="0.108"/>
  <testcase name="testCreateTemplateApplicationAsStudent[1][6]" classname="at.htl.beeyond.integration.application.template.TemplateApplicationTest" time="0.081"/>
  <testcase name="testCreateTemplateApplicationAsStudent[1][7]" classname="at.htl.beeyond.integration.application.template.TemplateApplicationTest" time="0.075"/>
  <testcase name="testCreateTemplateApplicationAsStudent[1][8]" classname="at.htl.beeyond.integration.application.template.TemplateApplicationTest" time="0.067"/>
  <testcase name="testCreateTemplateApplicationAsStudent[1][9]" classname="at.htl.beeyond.integration.application.template.TemplateApplicationTest" time="0.075"/>
  <testcase name="testCreateTemplateApplicationAsStudent[1][10]" classname="at.htl.beeyond.integration.application.template.TemplateApplicationTest" time="0.086"/>
  <testcase name="testCreateTemplateApplicationAsStudent[1][11]" classname="at.htl.beeyond.integration.application.template.TemplateApplicationTest" time="0.079"/>
  <testcase name="testCreateTemplateApplicationAsStudent[1][12]" classname="at.htl.beeyond.integration.application.template.TemplateApplicationTest" time="0.093"/>
</testsuite>